# JRE version: OpenJDK Runtime Environment Temurin-17.0.11+9 (17.0.11+9) (build 17.0.11+9)
# Java VM: OpenJDK 64-Bit Server VM Temurin-17.0.11+9 (17.0.11+9, mixed mode, emulated-client, tiered, compressed oops, compressed class ptrs, g1 gc, windows-amd64)
GC Precious Log:
 CPUs: 16 total, 16 available
 Memory: 16147M
 Large Page Support: Disabled
 NUMA Support: Disabled
 Compressed Oops: Enabled (32-bit)
 Heap Region Size: 1M
 Heap Min Capacity: 8M
 Heap Initial Capacity: 254M
 Heap Max Capacity: 1G
 Pre-touch: Disabled
 Parallel Workers: 13
 Concurrent Workers: 3
 Concurrent Refinement Workers: 13
 Periodic GC: Disabled
Heap:
 garbage-first heap   total 109568K, used 32038K [0x00000000c0000000, 0x0000000100000000)
  region size 1024K, 1 young (1024K), 0 survivors (0K)
 Metaspace       used 61019K, committed 61760K, reserved 1114112K
  class space    used 7408K, committed 7680K, reserved 1048576K
GC Heap History (20 events):
Event: 191.856 GC heap before
{Heap before GC invocations=24 (full 7):
 garbage-first heap   total 109568K, used 32038K [0x00000000c0000000, 0x0000000100000000)
  region size 1024K, 1 young (1024K), 0 survivors (0K)
 Metaspace       used 61019K, committed 61760K, reserved 1114112K
  class space    used 7408K, committed 7680K, reserved 1048576K
}
Event: 191.920 GC heap after
{Heap after GC invocations=25 (full 8):
 garbage-first heap   total 109568K, used 32038K [0x00000000c0000000, 0x0000000100000000)
  region size 1024K, 0 young (0K), 0 survivors (0K)
 Metaspace       used 61019K, committed 61760K, reserved 1114112K
  class space    used 7408K, committed 7680K, reserved 1048576K
}
Event: 203.129 GC heap before
{Heap before GC invocations=25 (full 8):
 garbage-first heap   total 109568K, used 32038K [0x00000000c0000000, 0x0000000100000000)
  region size 1024K, 1 young (1024K), 0 survivors (0K)
 Metaspace       used 61019K, committed 61760K, reserved 1114112K
  class space    used 7408K, committed 7680K, reserved 1048576K
}
Event: 203.195 GC heap after
{Heap after GC invocations=26 (full 9):
 garbage-first heap   total 109568K, used 32038K [0x00000000c0000000, 0x0000000100000000)
  region size 1024K, 0 young (0K), 0 survivors (0K)
 Metaspace       used 61019K, committed 61760K, reserved 1114112K
  class space    used 7408K, committed 7680K, reserved 1048576K
}
Event: 213.497 GC heap before
{Heap before GC invocations=26 (full 9):
 garbage-first heap   total 109568K, used 32038K [0x00000000c0000000, 0x0000000100000000)
  region size 1024K, 1 young (1024K), 0 survivors (0K)
 Metaspace       used 61019K, committed 61760K, reserved 1114112K
  class space    used 7408K, committed 7680K, reserved 1048576K
}
Event: 213.560 GC heap after
{Heap after GC invocations=27 (full 10):
 garbage-first heap   total 109568K, used 32038K [0x00000000c0000000, 0x0000000100000000)
  region size 1024K, 0 young (0K), 0 survivors (0K)
 Metaspace       used 61019K, committed 61760K, reserved 1114112K
  class space    used 7408K, committed 7680K, reserved 1048576K
}
Event: 223.891 GC heap before
{Heap before GC invocations=27 (full 10):
 garbage-first heap   total 109568K, used 32038K [0x00000000c0000000, 0x0000000100000000)
  region size 1024K, 1 young (1024K), 0 survivors (0K)
 Metaspace       used 61019K, committed 61760K, reserved 1114112K
  class space    used 7408K, committed 7680K, reserved 1048576K
}
Event: 223.920 GC heap after
{Heap after GC invocations=28 (full 11):
 garbage-first heap   total 109568K, used 32038K [0x00000000c0000000, 0x0000000100000000)
  region size 1024K, 0 young (0K), 0 survivors (0K)
 Metaspace       used 61019K, committed 61760K, reserved 1114112K
  class space    used 7408K, committed 7680K, reserved 1048576K
}
Event: 234.204 GC heap before
{Heap before GC invocations=28 (full 11):
 garbage-first heap   total 109568K, used 32038K [0x00000000c0000000, 0x0000000100000000)
  region size 1024K, 1 young (1024K), 0 survivors (0K)
 Metaspace       used 61019K, committed 61760K, reserved 1114112K
  class space    used 7408K, committed 7680K, reserved 1048576K
}
Event: 234.230 GC heap after
{Heap after GC invocations=29 (full 12):
 garbage-first heap   total 109568K, used 32038K [0x00000000c0000000, 0x0000000100000000)
  region size 1024K, 0 young (0K), 0 survivors (0K)
 Metaspace       used 61019K, committed 61760K, reserved 1114112K
  class space    used 7408K, committed 7680K, reserved 1048576K
}
Event: 244.594 GC heap before
{Heap before GC invocations=29 (full 12):
 garbage-first heap   total 109568K, used 32038K [0x00000000c0000000, 0x0000000100000000)
  region size 1024K, 1 young (1024K), 0 survivors (0K)
 Metaspace       used 61019K, committed 61760K, reserved 1114112K
  class space    used 7408K, committed 7680K, reserved 1048576K
}
Event: 244.639 GC heap after
{Heap after GC invocations=30 (full 13):
 garbage-first heap   total 109568K, used 32038K [0x00000000c0000000, 0x0000000100000000)
  region size 1024K, 0 young (0K), 0 survivors (0K)
 Metaspace       used 61019K, committed 61760K, reserved 1114112K
  class space    used 7408K, committed 7680K, reserved 1048576K
}
Event: 254.908 GC heap before
{Heap before GC invocations=30 (full 13):
 garbage-first heap   total 109568K, used 32038K [0x00000000c0000000, 0x0000000100000000)
  region size 1024K, 1 young (1024K), 0 survivors (0K)
 Metaspace       used 61019K, committed 61760K, reserved 1114112K
  class space    used 7408K, committed 7680K, reserved 1048576K
}
Event: 254.954 GC heap after
{Heap after GC invocations=31 (full 14):
 garbage-first heap   total 109568K, used 32038K [0x00000000c0000000, 0x0000000100000000)
  region size 1024K, 0 young (0K), 0 survivors (0K)
 Metaspace       used 61019K, committed 61760K, reserved 1114112K
  class space    used 7408K, committed 7680K, reserved 1048576K
}
Event: 265.255 GC heap before
{Heap before GC invocations=31 (full 14):
 garbage-first heap   total 109568K, used 32038K [0x00000000c0000000, 0x0000000100000000)
  region size 1024K, 1 young (1024K), 0 survivors (0K)
 Metaspace       used 61019K, committed 61760K, reserved 1114112K
  class space    used 7408K, committed 7680K, reserved 1048576K
}
Event: 265.289 GC heap after
{Heap after GC invocations=32 (full 15):
 garbage-first heap   total 109568K, used 32038K [0x00000000c0000000, 0x0000000100000000)
  region size 1024K, 0 young (0K), 0 survivors (0K)
 Metaspace       used 61019K, committed 61760K, reserved 1114112K
  class space    used 7408K, committed 7680K, reserved 1048576K
}
Event: 275.580 GC heap before
{Heap before GC invocations=32 (full 15):
 garbage-first heap   total 109568K, used 32038K [0x00000000c0000000, 0x0000000100000000)
  region size 1024K, 1 young (1024K), 0 survivors (0K)
 Metaspace       used 61019K, committed 61760K, reserved 1114112K
  class space    used 7408K, committed 7680K, reserved 1048576K
}
Event: 275.611 GC heap after
{Heap after GC invocations=33 (full 16):
 garbage-first heap   total 109568K, used 32038K [0x00000000c0000000, 0x0000000100000000)
  region size 1024K, 0 young (0K), 0 survivors (0K)
 Metaspace       used 61019K, committed 61760K, reserved 1114112K
  class space    used 7408K, committed 7680K, reserved 1048576K
}
Event: 286.238 GC heap before
{Heap before GC invocations=33 (full 16):
 garbage-first heap   total 109568K, used 32038K [0x00000000c0000000, 0x0000000100000000)
  region size 1024K, 1 young (1024K), 0 survivors (0K)
 Metaspace       used 61019K, committed 61760K, reserved 1114112K
  class space    used 7408K, committed 7680K, reserved 1048576K
}
Event: 286.302 GC heap after
{Heap after GC invocations=34 (full 17):
 garbage-first heap   total 109568K, used 32038K [0x00000000c0000000, 0x0000000100000000)
  region size 1024K, 0 young (0K), 0 survivors (0K)
 Metaspace       used 61019K, committed 61760K, reserved 1114112K
  class space    used 7408K, committed 7680K, reserved 1048576K
}

